<?xml version="1.0" encoding="UTF-8"?>
<testsuite name="workshop05code.AppTest" tests="1" skipped="0" failures="0" errors="0" timestamp="2025-03-25T16:40:17.200Z" hostname="MUHAMMADSBIRD" time="0.012">
  <properties/>
  <testcase name="appHasAGreeting()" classname="workshop05code.AppTest" time="0.012"/>
  <system-out><![CDATA[]]></system-out>
  <system-err><![CDATA[]]></system-err>
</testsuite>
